*[ERROR]-- Application run failed--
org.springframework.boot.context.properties.bind.BindException: Failed to bind properties under 'logging.level.com.kgisl.springbdd' to org.springframework.boot.logging.LogLevel
	at org.springframework.boot.context.properties.bind.Binder.handleBindError(Binder.java:364)
	at org.springframework.boot.context.properties.bind.Binder.bind(Binder.java:324)
	at org.springframework.boot.context.properties.bind.Binder.lambda$null$1(Binder.java:412)
	at org.springframework.boot.context.properties.bind.Binder$Context.withSource(Binder.java:543)
	at org.springframework.boot.context.properties.bind.Binder$Context.access$900(Binder.java:513)
	at org.springframework.boot.context.properties.bind.Binder.lambda$bindAggregate$2(Binder.java:413)
	at org.springframework.boot.context.properties.bind.AggregateElementBinder.bind(AggregateElementBinder.java:39)
	at org.springframework.boot.context.properties.bind.MapBinder$EntryBinder.lambda$bindEntries$0(MapBinder.java:157)
	at java.util.HashMap.computeIfAbsent(HashMap.java:1127)
	at org.springframework.boot.context.properties.bind.MapBinder$EntryBinder.bindEntries(MapBinder.java:157)
	at org.springframework.boot.context.properties.bind.MapBinder.bindAggregate(MapBinder.java:68)
	at org.springframework.boot.context.properties.bind.AggregateBinder.bind(AggregateBinder.java:56)
	at org.springframework.boot.context.properties.bind.Binder.lambda$bindAggregate$3(Binder.java:415)
	at org.springframework.boot.context.properties.bind.Binder$Context.withIncreasedDepth(Binder.java:572)
	at org.springframework.boot.context.properties.bind.Binder$Context.access$100(Binder.java:513)
	at org.springframework.boot.context.properties.bind.Binder.bindAggregate(Binder.java:415)
	at org.springframework.boot.context.properties.bind.Binder.bindObject(Binder.java:376)
	at org.springframework.boot.context.properties.bind.Binder.bind(Binder.java:320)
	at org.springframework.boot.context.properties.bind.Binder.bind(Binder.java:308)
	at org.springframework.boot.context.properties.bind.Binder.bind(Binder.java:238)
	at org.springframework.boot.context.properties.bind.Binder.bind(Binder.java:212)
	at org.springframework.boot.context.logging.LoggingApplicationListener.setLogLevels(LoggingApplicationListener.java:398)
	at org.springframework.boot.context.logging.LoggingApplicationListener.initializeFinalLoggingLevels(LoggingApplicationListener.java:338)
	at org.springframework.boot.context.logging.LoggingApplicationListener.initialize(LoggingApplicationListener.java:289)
	at org.springframework.boot.context.logging.LoggingApplicationListener.onApplicationEnvironmentPreparedEvent(LoggingApplicationListener.java:246)
	at org.springframework.boot.context.logging.LoggingApplicationListener.onApplicationEvent(LoggingApplicationListener.java:223)
	at org.springframework.context.event.SimpleApplicationEventMulticaster.doInvokeListener(SimpleApplicationEventMulticaster.java:172)
	at org.springframework.context.event.SimpleApplicationEventMulticaster.invokeListener(SimpleApplicationEventMulticaster.java:165)
	at org.springframework.context.event.SimpleApplicationEventMulticaster.multicastEvent(SimpleApplicationEventMulticaster.java:139)
	at org.springframework.context.event.SimpleApplicationEventMulticaster.multicastEvent(SimpleApplicationEventMulticaster.java:127)
	at org.springframework.boot.context.event.EventPublishingRunListener.environmentPrepared(EventPublishingRunListener.java:76)
	at org.springframework.boot.SpringApplicationRunListeners.environmentPrepared(SpringApplicationRunListeners.java:53)
	at org.springframework.boot.SpringApplication.prepareEnvironment(SpringApplication.java:345)
	at org.springframework.boot.SpringApplication.run(SpringApplication.java:308)
	at org.springframework.boot.SpringApplication.run(SpringApplication.java:1226)
	at org.springframework.boot.SpringApplication.run(SpringApplication.java:1215)
	at com.kgisl.task.TaskApplication.main(TaskApplication.java:10)
Caused by: org.springframework.core.convert.ConversionFailedException: Failed to convert from type [java.lang.String] to type [org.springframework.boot.logging.LogLevel] for value 'ALL'; nested exception is java.lang.IllegalArgumentException: No enum constant org.springframework.boot.logging.LogLevel.ALL
	at org.springframework.core.convert.support.ConversionUtils.invokeConverter(ConversionUtils.java:47)
	at org.springframework.core.convert.support.GenericConversionService.convert(GenericConversionService.java:191)
	at org.springframework.boot.context.properties.bind.BindConverter$CompositeConversionService.convert(BindConverter.java:170)
	at org.springframework.boot.context.properties.bind.BindConverter.convert(BindConverter.java:96)
	at org.springframework.boot.context.properties.bind.BindConverter.convert(BindConverter.java:88)
	at org.springframework.boot.context.properties.bind.Binder.bindProperty(Binder.java:435)
	at org.springframework.boot.context.properties.bind.Binder.bindObject(Binder.java:380)
	at org.springframework.boot.context.properties.bind.Binder.bind(Binder.java:320)
	... 35 common frames omitted
Caused by: java.lang.IllegalArgumentException: No enum constant org.springframework.boot.logging.LogLevel.ALL
	at org.springframework.boot.convert.LenientObjectToEnumConverterFactory$LenientToEnumConverter.findEnum(LenientObjectToEnumConverterFactory.java:93)
	at org.springframework.boot.convert.LenientObjectToEnumConverterFactory$LenientToEnumConverter.convert(LenientObjectToEnumConverterFactory.java:80)
	at org.springframework.boot.convert.LenientObjectToEnumConverterFactory$LenientToEnumConverter.convert(LenientObjectToEnumConverterFactory.java:61)
	at org.springframework.core.convert.support.GenericConversionService$ConverterFactoryAdapter.convert(GenericConversionService.java:436)
	at org.springframework.core.convert.support.ConversionUtils.invokeConverter(ConversionUtils.java:41)
	... 42 common frames omitted
*[ERROR]-- Application run failed--
org.springframework.boot.context.properties.bind.BindException: Failed to bind properties under 'logging.level.com.kgisl.task' to org.springframework.boot.logging.LogLevel
	at org.springframework.boot.context.properties.bind.Binder.handleBindError(Binder.java:364)
	at org.springframework.boot.context.properties.bind.Binder.bind(Binder.java:324)
	at org.springframework.boot.context.properties.bind.Binder.lambda$null$1(Binder.java:412)
	at org.springframework.boot.context.properties.bind.Binder$Context.withSource(Binder.java:543)
	at org.springframework.boot.context.properties.bind.Binder$Context.access$900(Binder.java:513)
	at org.springframework.boot.context.properties.bind.Binder.lambda$bindAggregate$2(Binder.java:413)
	at org.springframework.boot.context.properties.bind.AggregateElementBinder.bind(AggregateElementBinder.java:39)
	at org.springframework.boot.context.properties.bind.MapBinder$EntryBinder.lambda$bindEntries$0(MapBinder.java:157)
	at java.util.HashMap.computeIfAbsent(HashMap.java:1127)
	at org.springframework.boot.context.properties.bind.MapBinder$EntryBinder.bindEntries(MapBinder.java:157)
	at org.springframework.boot.context.properties.bind.MapBinder.bindAggregate(MapBinder.java:68)
	at org.springframework.boot.context.properties.bind.AggregateBinder.bind(AggregateBinder.java:56)
	at org.springframework.boot.context.properties.bind.Binder.lambda$bindAggregate$3(Binder.java:415)
	at org.springframework.boot.context.properties.bind.Binder$Context.withIncreasedDepth(Binder.java:572)
	at org.springframework.boot.context.properties.bind.Binder$Context.access$100(Binder.java:513)
	at org.springframework.boot.context.properties.bind.Binder.bindAggregate(Binder.java:415)
	at org.springframework.boot.context.properties.bind.Binder.bindObject(Binder.java:376)
	at org.springframework.boot.context.properties.bind.Binder.bind(Binder.java:320)
	at org.springframework.boot.context.properties.bind.Binder.bind(Binder.java:308)
	at org.springframework.boot.context.properties.bind.Binder.bind(Binder.java:238)
	at org.springframework.boot.context.properties.bind.Binder.bind(Binder.java:212)
	at org.springframework.boot.context.logging.LoggingApplicationListener.setLogLevels(LoggingApplicationListener.java:398)
	at org.springframework.boot.context.logging.LoggingApplicationListener.initializeFinalLoggingLevels(LoggingApplicationListener.java:338)
	at org.springframework.boot.context.logging.LoggingApplicationListener.initialize(LoggingApplicationListener.java:289)
	at org.springframework.boot.context.logging.LoggingApplicationListener.onApplicationEnvironmentPreparedEvent(LoggingApplicationListener.java:246)
	at org.springframework.boot.context.logging.LoggingApplicationListener.onApplicationEvent(LoggingApplicationListener.java:223)
	at org.springframework.context.event.SimpleApplicationEventMulticaster.doInvokeListener(SimpleApplicationEventMulticaster.java:172)
	at org.springframework.context.event.SimpleApplicationEventMulticaster.invokeListener(SimpleApplicationEventMulticaster.java:165)
	at org.springframework.context.event.SimpleApplicationEventMulticaster.multicastEvent(SimpleApplicationEventMulticaster.java:139)
	at org.springframework.context.event.SimpleApplicationEventMulticaster.multicastEvent(SimpleApplicationEventMulticaster.java:127)
	at org.springframework.boot.context.event.EventPublishingRunListener.environmentPrepared(EventPublishingRunListener.java:76)
	at org.springframework.boot.SpringApplicationRunListeners.environmentPrepared(SpringApplicationRunListeners.java:53)
	at org.springframework.boot.SpringApplication.prepareEnvironment(SpringApplication.java:345)
	at org.springframework.boot.SpringApplication.run(SpringApplication.java:308)
	at org.springframework.boot.SpringApplication.run(SpringApplication.java:1226)
	at org.springframework.boot.SpringApplication.run(SpringApplication.java:1215)
	at com.kgisl.task.TaskApplication.main(TaskApplication.java:10)
Caused by: org.springframework.core.convert.ConversionFailedException: Failed to convert from type [java.lang.String] to type [org.springframework.boot.logging.LogLevel] for value 'ALL'; nested exception is java.lang.IllegalArgumentException: No enum constant org.springframework.boot.logging.LogLevel.ALL
	at org.springframework.core.convert.support.ConversionUtils.invokeConverter(ConversionUtils.java:47)
	at org.springframework.core.convert.support.GenericConversionService.convert(GenericConversionService.java:191)
	at org.springframework.boot.context.properties.bind.BindConverter$CompositeConversionService.convert(BindConverter.java:170)
	at org.springframework.boot.context.properties.bind.BindConverter.convert(BindConverter.java:96)
	at org.springframework.boot.context.properties.bind.BindConverter.convert(BindConverter.java:88)
	at org.springframework.boot.context.properties.bind.Binder.bindProperty(Binder.java:435)
	at org.springframework.boot.context.properties.bind.Binder.bindObject(Binder.java:380)
	at org.springframework.boot.context.properties.bind.Binder.bind(Binder.java:320)
	... 35 common frames omitted
Caused by: java.lang.IllegalArgumentException: No enum constant org.springframework.boot.logging.LogLevel.ALL
	at org.springframework.boot.convert.LenientObjectToEnumConverterFactory$LenientToEnumConverter.findEnum(LenientObjectToEnumConverterFactory.java:93)
	at org.springframework.boot.convert.LenientObjectToEnumConverterFactory$LenientToEnumConverter.convert(LenientObjectToEnumConverterFactory.java:80)
	at org.springframework.boot.convert.LenientObjectToEnumConverterFactory$LenientToEnumConverter.convert(LenientObjectToEnumConverterFactory.java:61)
	at org.springframework.core.convert.support.GenericConversionService$ConverterFactoryAdapter.convert(GenericConversionService.java:436)
	at org.springframework.core.convert.support.ConversionUtils.invokeConverter(ConversionUtils.java:41)
	... 42 common frames omitted
*[ERROR]-- Application run failed--
org.springframework.boot.context.properties.bind.BindException: Failed to bind properties under 'logging.level.com.kgisl.task' to org.springframework.boot.logging.LogLevel
	at org.springframework.boot.context.properties.bind.Binder.handleBindError(Binder.java:364)
	at org.springframework.boot.context.properties.bind.Binder.bind(Binder.java:324)
	at org.springframework.boot.context.properties.bind.Binder.lambda$null$1(Binder.java:412)
	at org.springframework.boot.context.properties.bind.Binder$Context.withSource(Binder.java:543)
	at org.springframework.boot.context.properties.bind.Binder$Context.access$900(Binder.java:513)
	at org.springframework.boot.context.properties.bind.Binder.lambda$bindAggregate$2(Binder.java:413)
	at org.springframework.boot.context.properties.bind.AggregateElementBinder.bind(AggregateElementBinder.java:39)
	at org.springframework.boot.context.properties.bind.MapBinder$EntryBinder.lambda$bindEntries$0(MapBinder.java:157)
	at java.util.HashMap.computeIfAbsent(HashMap.java:1127)
	at org.springframework.boot.context.properties.bind.MapBinder$EntryBinder.bindEntries(MapBinder.java:157)
	at org.springframework.boot.context.properties.bind.MapBinder.bindAggregate(MapBinder.java:68)
	at org.springframework.boot.context.properties.bind.AggregateBinder.bind(AggregateBinder.java:56)
	at org.springframework.boot.context.properties.bind.Binder.lambda$bindAggregate$3(Binder.java:415)
	at org.springframework.boot.context.properties.bind.Binder$Context.withIncreasedDepth(Binder.java:572)
	at org.springframework.boot.context.properties.bind.Binder$Context.access$100(Binder.java:513)
	at org.springframework.boot.context.properties.bind.Binder.bindAggregate(Binder.java:415)
	at org.springframework.boot.context.properties.bind.Binder.bindObject(Binder.java:376)
	at org.springframework.boot.context.properties.bind.Binder.bind(Binder.java:320)
	at org.springframework.boot.context.properties.bind.Binder.bind(Binder.java:308)
	at org.springframework.boot.context.properties.bind.Binder.bind(Binder.java:238)
	at org.springframework.boot.context.properties.bind.Binder.bind(Binder.java:212)
	at org.springframework.boot.context.logging.LoggingApplicationListener.setLogLevels(LoggingApplicationListener.java:398)
	at org.springframework.boot.context.logging.LoggingApplicationListener.initializeFinalLoggingLevels(LoggingApplicationListener.java:338)
	at org.springframework.boot.context.logging.LoggingApplicationListener.initialize(LoggingApplicationListener.java:289)
	at org.springframework.boot.context.logging.LoggingApplicationListener.onApplicationEnvironmentPreparedEvent(LoggingApplicationListener.java:246)
	at org.springframework.boot.context.logging.LoggingApplicationListener.onApplicationEvent(LoggingApplicationListener.java:223)
	at org.springframework.context.event.SimpleApplicationEventMulticaster.doInvokeListener(SimpleApplicationEventMulticaster.java:172)
	at org.springframework.context.event.SimpleApplicationEventMulticaster.invokeListener(SimpleApplicationEventMulticaster.java:165)
	at org.springframework.context.event.SimpleApplicationEventMulticaster.multicastEvent(SimpleApplicationEventMulticaster.java:139)
	at org.springframework.context.event.SimpleApplicationEventMulticaster.multicastEvent(SimpleApplicationEventMulticaster.java:127)
	at org.springframework.boot.context.event.EventPublishingRunListener.environmentPrepared(EventPublishingRunListener.java:76)
	at org.springframework.boot.SpringApplicationRunListeners.environmentPrepared(SpringApplicationRunListeners.java:53)
	at org.springframework.boot.SpringApplication.prepareEnvironment(SpringApplication.java:345)
	at org.springframework.boot.SpringApplication.run(SpringApplication.java:308)
	at org.springframework.boot.SpringApplication.run(SpringApplication.java:1226)
	at org.springframework.boot.SpringApplication.run(SpringApplication.java:1215)
	at com.kgisl.task.TaskApplication.main(TaskApplication.java:10)
Caused by: org.springframework.core.convert.ConversionFailedException: Failed to convert from type [java.lang.String] to type [org.springframework.boot.logging.LogLevel] for value 'ALL'; nested exception is java.lang.IllegalArgumentException: No enum constant org.springframework.boot.logging.LogLevel.ALL
	at org.springframework.core.convert.support.ConversionUtils.invokeConverter(ConversionUtils.java:47)
	at org.springframework.core.convert.support.GenericConversionService.convert(GenericConversionService.java:191)
	at org.springframework.boot.context.properties.bind.BindConverter$CompositeConversionService.convert(BindConverter.java:170)
	at org.springframework.boot.context.properties.bind.BindConverter.convert(BindConverter.java:96)
	at org.springframework.boot.context.properties.bind.BindConverter.convert(BindConverter.java:88)
	at org.springframework.boot.context.properties.bind.Binder.bindProperty(Binder.java:435)
	at org.springframework.boot.context.properties.bind.Binder.bindObject(Binder.java:380)
	at org.springframework.boot.context.properties.bind.Binder.bind(Binder.java:320)
	... 35 common frames omitted
Caused by: java.lang.IllegalArgumentException: No enum constant org.springframework.boot.logging.LogLevel.ALL
	at org.springframework.boot.convert.LenientObjectToEnumConverterFactory$LenientToEnumConverter.findEnum(LenientObjectToEnumConverterFactory.java:93)
	at org.springframework.boot.convert.LenientObjectToEnumConverterFactory$LenientToEnumConverter.convert(LenientObjectToEnumConverterFactory.java:80)
	at org.springframework.boot.convert.LenientObjectToEnumConverterFactory$LenientToEnumConverter.convert(LenientObjectToEnumConverterFactory.java:61)
	at org.springframework.core.convert.support.GenericConversionService$ConverterFactoryAdapter.convert(GenericConversionService.java:436)
	at org.springframework.core.convert.support.ConversionUtils.invokeConverter(ConversionUtils.java:41)
	... 42 common frames omitted
*[ERROR]-- Application run failed--
org.springframework.boot.context.properties.bind.BindException: Failed to bind properties under 'logging.level.com.kgisl.task' to org.springframework.boot.logging.LogLevel
	at org.springframework.boot.context.properties.bind.Binder.handleBindError(Binder.java:364)
	at org.springframework.boot.context.properties.bind.Binder.bind(Binder.java:324)
	at org.springframework.boot.context.properties.bind.Binder.lambda$null$1(Binder.java:412)
	at org.springframework.boot.context.properties.bind.Binder$Context.withSource(Binder.java:543)
	at org.springframework.boot.context.properties.bind.Binder$Context.access$900(Binder.java:513)
	at org.springframework.boot.context.properties.bind.Binder.lambda$bindAggregate$2(Binder.java:413)
	at org.springframework.boot.context.properties.bind.AggregateElementBinder.bind(AggregateElementBinder.java:39)
	at org.springframework.boot.context.properties.bind.MapBinder$EntryBinder.lambda$bindEntries$0(MapBinder.java:157)
	at java.util.HashMap.computeIfAbsent(HashMap.java:1127)
	at org.springframework.boot.context.properties.bind.MapBinder$EntryBinder.bindEntries(MapBinder.java:157)
	at org.springframework.boot.context.properties.bind.MapBinder.bindAggregate(MapBinder.java:68)
	at org.springframework.boot.context.properties.bind.AggregateBinder.bind(AggregateBinder.java:56)
	at org.springframework.boot.context.properties.bind.Binder.lambda$bindAggregate$3(Binder.java:415)
	at org.springframework.boot.context.properties.bind.Binder$Context.withIncreasedDepth(Binder.java:572)
	at org.springframework.boot.context.properties.bind.Binder$Context.access$100(Binder.java:513)
	at org.springframework.boot.context.properties.bind.Binder.bindAggregate(Binder.java:415)
	at org.springframework.boot.context.properties.bind.Binder.bindObject(Binder.java:376)
	at org.springframework.boot.context.properties.bind.Binder.bind(Binder.java:320)
	at org.springframework.boot.context.properties.bind.Binder.bind(Binder.java:308)
	at org.springframework.boot.context.properties.bind.Binder.bind(Binder.java:238)
	at org.springframework.boot.context.properties.bind.Binder.bind(Binder.java:212)
	at org.springframework.boot.context.logging.LoggingApplicationListener.setLogLevels(LoggingApplicationListener.java:398)
	at org.springframework.boot.context.logging.LoggingApplicationListener.initializeFinalLoggingLevels(LoggingApplicationListener.java:338)
	at org.springframework.boot.context.logging.LoggingApplicationListener.initialize(LoggingApplicationListener.java:289)
	at org.springframework.boot.context.logging.LoggingApplicationListener.onApplicationEnvironmentPreparedEvent(LoggingApplicationListener.java:246)
	at org.springframework.boot.context.logging.LoggingApplicationListener.onApplicationEvent(LoggingApplicationListener.java:223)
	at org.springframework.context.event.SimpleApplicationEventMulticaster.doInvokeListener(SimpleApplicationEventMulticaster.java:172)
	at org.springframework.context.event.SimpleApplicationEventMulticaster.invokeListener(SimpleApplicationEventMulticaster.java:165)
	at org.springframework.context.event.SimpleApplicationEventMulticaster.multicastEvent(SimpleApplicationEventMulticaster.java:139)
	at org.springframework.context.event.SimpleApplicationEventMulticaster.multicastEvent(SimpleApplicationEventMulticaster.java:127)
	at org.springframework.boot.context.event.EventPublishingRunListener.environmentPrepared(EventPublishingRunListener.java:76)
	at org.springframework.boot.SpringApplicationRunListeners.environmentPrepared(SpringApplicationRunListeners.java:53)
	at org.springframework.boot.SpringApplication.prepareEnvironment(SpringApplication.java:345)
	at org.springframework.boot.SpringApplication.run(SpringApplication.java:308)
	at org.springframework.boot.SpringApplication.run(SpringApplication.java:1226)
	at org.springframework.boot.SpringApplication.run(SpringApplication.java:1215)
	at com.kgisl.task.TaskApplication.main(TaskApplication.java:10)
Caused by: org.springframework.core.convert.ConversionFailedException: Failed to convert from type [java.lang.String] to type [org.springframework.boot.logging.LogLevel] for value 'ALL'; nested exception is java.lang.IllegalArgumentException: No enum constant org.springframework.boot.logging.LogLevel.ALL
	at org.springframework.core.convert.support.ConversionUtils.invokeConverter(ConversionUtils.java:47)
	at org.springframework.core.convert.support.GenericConversionService.convert(GenericConversionService.java:191)
	at org.springframework.boot.context.properties.bind.BindConverter$CompositeConversionService.convert(BindConverter.java:170)
	at org.springframework.boot.context.properties.bind.BindConverter.convert(BindConverter.java:96)
	at org.springframework.boot.context.properties.bind.BindConverter.convert(BindConverter.java:88)
	at org.springframework.boot.context.properties.bind.Binder.bindProperty(Binder.java:435)
	at org.springframework.boot.context.properties.bind.Binder.bindObject(Binder.java:380)
	at org.springframework.boot.context.properties.bind.Binder.bind(Binder.java:320)
	... 35 common frames omitted
Caused by: java.lang.IllegalArgumentException: No enum constant org.springframework.boot.logging.LogLevel.ALL
	at org.springframework.boot.convert.LenientObjectToEnumConverterFactory$LenientToEnumConverter.findEnum(LenientObjectToEnumConverterFactory.java:93)
	at org.springframework.boot.convert.LenientObjectToEnumConverterFactory$LenientToEnumConverter.convert(LenientObjectToEnumConverterFactory.java:80)
	at org.springframework.boot.convert.LenientObjectToEnumConverterFactory$LenientToEnumConverter.convert(LenientObjectToEnumConverterFactory.java:61)
	at org.springframework.core.convert.support.GenericConversionService$ConverterFactoryAdapter.convert(GenericConversionService.java:436)
	at org.springframework.core.convert.support.ConversionUtils.invokeConverter(ConversionUtils.java:41)
	... 42 common frames omitted
*[ERROR]-- Application run failed--
org.springframework.boot.context.properties.bind.BindException: Failed to bind properties under 'logging.level.com.kgisl.task' to org.springframework.boot.logging.LogLevel
	at org.springframework.boot.context.properties.bind.Binder.handleBindError(Binder.java:364)
	at org.springframework.boot.context.properties.bind.Binder.bind(Binder.java:324)
	at org.springframework.boot.context.properties.bind.Binder.lambda$null$1(Binder.java:412)
	at org.springframework.boot.context.properties.bind.Binder$Context.withSource(Binder.java:543)
	at org.springframework.boot.context.properties.bind.Binder$Context.access$900(Binder.java:513)
	at org.springframework.boot.context.properties.bind.Binder.lambda$bindAggregate$2(Binder.java:413)
	at org.springframework.boot.context.properties.bind.AggregateElementBinder.bind(AggregateElementBinder.java:39)
	at org.springframework.boot.context.properties.bind.MapBinder$EntryBinder.lambda$bindEntries$0(MapBinder.java:157)
	at java.util.HashMap.computeIfAbsent(HashMap.java:1127)
	at org.springframework.boot.context.properties.bind.MapBinder$EntryBinder.bindEntries(MapBinder.java:157)
	at org.springframework.boot.context.properties.bind.MapBinder.bindAggregate(MapBinder.java:68)
	at org.springframework.boot.context.properties.bind.AggregateBinder.bind(AggregateBinder.java:56)
	at org.springframework.boot.context.properties.bind.Binder.lambda$bindAggregate$3(Binder.java:415)
	at org.springframework.boot.context.properties.bind.Binder$Context.withIncreasedDepth(Binder.java:572)
	at org.springframework.boot.context.properties.bind.Binder$Context.access$100(Binder.java:513)
	at org.springframework.boot.context.properties.bind.Binder.bindAggregate(Binder.java:415)
	at org.springframework.boot.context.properties.bind.Binder.bindObject(Binder.java:376)
	at org.springframework.boot.context.properties.bind.Binder.bind(Binder.java:320)
	at org.springframework.boot.context.properties.bind.Binder.bind(Binder.java:308)
	at org.springframework.boot.context.properties.bind.Binder.bind(Binder.java:238)
	at org.springframework.boot.context.properties.bind.Binder.bind(Binder.java:212)
	at org.springframework.boot.context.logging.LoggingApplicationListener.setLogLevels(LoggingApplicationListener.java:398)
	at org.springframework.boot.context.logging.LoggingApplicationListener.initializeFinalLoggingLevels(LoggingApplicationListener.java:338)
	at org.springframework.boot.context.logging.LoggingApplicationListener.initialize(LoggingApplicationListener.java:289)
	at org.springframework.boot.context.logging.LoggingApplicationListener.onApplicationEnvironmentPreparedEvent(LoggingApplicationListener.java:246)
	at org.springframework.boot.context.logging.LoggingApplicationListener.onApplicationEvent(LoggingApplicationListener.java:223)
	at org.springframework.context.event.SimpleApplicationEventMulticaster.doInvokeListener(SimpleApplicationEventMulticaster.java:172)
	at org.springframework.context.event.SimpleApplicationEventMulticaster.invokeListener(SimpleApplicationEventMulticaster.java:165)
	at org.springframework.context.event.SimpleApplicationEventMulticaster.multicastEvent(SimpleApplicationEventMulticaster.java:139)
	at org.springframework.context.event.SimpleApplicationEventMulticaster.multicastEvent(SimpleApplicationEventMulticaster.java:127)
	at org.springframework.boot.context.event.EventPublishingRunListener.environmentPrepared(EventPublishingRunListener.java:76)
	at org.springframework.boot.SpringApplicationRunListeners.environmentPrepared(SpringApplicationRunListeners.java:53)
	at org.springframework.boot.SpringApplication.prepareEnvironment(SpringApplication.java:345)
	at org.springframework.boot.SpringApplication.run(SpringApplication.java:308)
	at org.springframework.boot.SpringApplication.run(SpringApplication.java:1226)
	at org.springframework.boot.SpringApplication.run(SpringApplication.java:1215)
	at com.kgisl.task.TaskApplication.main(TaskApplication.java:10)
Caused by: org.springframework.core.convert.ConversionFailedException: Failed to convert from type [java.lang.String] to type [org.springframework.boot.logging.LogLevel] for value 'ALL'; nested exception is java.lang.IllegalArgumentException: No enum constant org.springframework.boot.logging.LogLevel.ALL
	at org.springframework.core.convert.support.ConversionUtils.invokeConverter(ConversionUtils.java:47)
	at org.springframework.core.convert.support.GenericConversionService.convert(GenericConversionService.java:191)
	at org.springframework.boot.context.properties.bind.BindConverter$CompositeConversionService.convert(BindConverter.java:170)
	at org.springframework.boot.context.properties.bind.BindConverter.convert(BindConverter.java:96)
	at org.springframework.boot.context.properties.bind.BindConverter.convert(BindConverter.java:88)
	at org.springframework.boot.context.properties.bind.Binder.bindProperty(Binder.java:435)
	at org.springframework.boot.context.properties.bind.Binder.bindObject(Binder.java:380)
	at org.springframework.boot.context.properties.bind.Binder.bind(Binder.java:320)
	... 35 common frames omitted
Caused by: java.lang.IllegalArgumentException: No enum constant org.springframework.boot.logging.LogLevel.ALL
	at org.springframework.boot.convert.LenientObjectToEnumConverterFactory$LenientToEnumConverter.findEnum(LenientObjectToEnumConverterFactory.java:93)
	at org.springframework.boot.convert.LenientObjectToEnumConverterFactory$LenientToEnumConverter.convert(LenientObjectToEnumConverterFactory.java:80)
	at org.springframework.boot.convert.LenientObjectToEnumConverterFactory$LenientToEnumConverter.convert(LenientObjectToEnumConverterFactory.java:61)
	at org.springframework.core.convert.support.GenericConversionService$ConverterFactoryAdapter.convert(GenericConversionService.java:436)
	at org.springframework.core.convert.support.ConversionUtils.invokeConverter(ConversionUtils.java:41)
	... 42 common frames omitted
*[ERROR]-- Application run failed--
org.springframework.boot.context.properties.bind.BindException: Failed to bind properties under 'logging.level.com.kgisl.task' to org.springframework.boot.logging.LogLevel
	at org.springframework.boot.context.properties.bind.Binder.handleBindError(Binder.java:364)
	at org.springframework.boot.context.properties.bind.Binder.bind(Binder.java:324)
	at org.springframework.boot.context.properties.bind.Binder.lambda$null$1(Binder.java:412)
	at org.springframework.boot.context.properties.bind.Binder$Context.withSource(Binder.java:543)
	at org.springframework.boot.context.properties.bind.Binder$Context.access$900(Binder.java:513)
	at org.springframework.boot.context.properties.bind.Binder.lambda$bindAggregate$2(Binder.java:413)
	at org.springframework.boot.context.properties.bind.AggregateElementBinder.bind(AggregateElementBinder.java:39)
	at org.springframework.boot.context.properties.bind.MapBinder$EntryBinder.lambda$bindEntries$0(MapBinder.java:157)
	at java.util.HashMap.computeIfAbsent(HashMap.java:1127)
	at org.springframework.boot.context.properties.bind.MapBinder$EntryBinder.bindEntries(MapBinder.java:157)
	at org.springframework.boot.context.properties.bind.MapBinder.bindAggregate(MapBinder.java:68)
	at org.springframework.boot.context.properties.bind.AggregateBinder.bind(AggregateBinder.java:56)
	at org.springframework.boot.context.properties.bind.Binder.lambda$bindAggregate$3(Binder.java:415)
	at org.springframework.boot.context.properties.bind.Binder$Context.withIncreasedDepth(Binder.java:572)
	at org.springframework.boot.context.properties.bind.Binder$Context.access$100(Binder.java:513)
	at org.springframework.boot.context.properties.bind.Binder.bindAggregate(Binder.java:415)
	at org.springframework.boot.context.properties.bind.Binder.bindObject(Binder.java:376)
	at org.springframework.boot.context.properties.bind.Binder.bind(Binder.java:320)
	at org.springframework.boot.context.properties.bind.Binder.bind(Binder.java:308)
	at org.springframework.boot.context.properties.bind.Binder.bind(Binder.java:238)
	at org.springframework.boot.context.properties.bind.Binder.bind(Binder.java:212)
	at org.springframework.boot.context.logging.LoggingApplicationListener.setLogLevels(LoggingApplicationListener.java:398)
	at org.springframework.boot.context.logging.LoggingApplicationListener.initializeFinalLoggingLevels(LoggingApplicationListener.java:338)
	at org.springframework.boot.context.logging.LoggingApplicationListener.initialize(LoggingApplicationListener.java:289)
	at org.springframework.boot.context.logging.LoggingApplicationListener.onApplicationEnvironmentPreparedEvent(LoggingApplicationListener.java:246)
	at org.springframework.boot.context.logging.LoggingApplicationListener.onApplicationEvent(LoggingApplicationListener.java:223)
	at org.springframework.context.event.SimpleApplicationEventMulticaster.doInvokeListener(SimpleApplicationEventMulticaster.java:172)
	at org.springframework.context.event.SimpleApplicationEventMulticaster.invokeListener(SimpleApplicationEventMulticaster.java:165)
	at org.springframework.context.event.SimpleApplicationEventMulticaster.multicastEvent(SimpleApplicationEventMulticaster.java:139)
	at org.springframework.context.event.SimpleApplicationEventMulticaster.multicastEvent(SimpleApplicationEventMulticaster.java:127)
	at org.springframework.boot.context.event.EventPublishingRunListener.environmentPrepared(EventPublishingRunListener.java:76)
	at org.springframework.boot.SpringApplicationRunListeners.environmentPrepared(SpringApplicationRunListeners.java:53)
	at org.springframework.boot.SpringApplication.prepareEnvironment(SpringApplication.java:345)
	at org.springframework.boot.SpringApplication.run(SpringApplication.java:308)
	at org.springframework.boot.SpringApplication.run(SpringApplication.java:1226)
	at org.springframework.boot.SpringApplication.run(SpringApplication.java:1215)
	at com.kgisl.task.TaskApplication.main(TaskApplication.java:10)
Caused by: org.springframework.core.convert.ConversionFailedException: Failed to convert from type [java.lang.String] to type [org.springframework.boot.logging.LogLevel] for value 'ALL'; nested exception is java.lang.IllegalArgumentException: No enum constant org.springframework.boot.logging.LogLevel.ALL
	at org.springframework.core.convert.support.ConversionUtils.invokeConverter(ConversionUtils.java:47)
	at org.springframework.core.convert.support.GenericConversionService.convert(GenericConversionService.java:191)
	at org.springframework.boot.context.properties.bind.BindConverter$CompositeConversionService.convert(BindConverter.java:170)
	at org.springframework.boot.context.properties.bind.BindConverter.convert(BindConverter.java:96)
	at org.springframework.boot.context.properties.bind.BindConverter.convert(BindConverter.java:88)
	at org.springframework.boot.context.properties.bind.Binder.bindProperty(Binder.java:435)
	at org.springframework.boot.context.properties.bind.Binder.bindObject(Binder.java:380)
	at org.springframework.boot.context.properties.bind.Binder.bind(Binder.java:320)
	... 35 common frames omitted
Caused by: java.lang.IllegalArgumentException: No enum constant org.springframework.boot.logging.LogLevel.ALL
	at org.springframework.boot.convert.LenientObjectToEnumConverterFactory$LenientToEnumConverter.findEnum(LenientObjectToEnumConverterFactory.java:93)
	at org.springframework.boot.convert.LenientObjectToEnumConverterFactory$LenientToEnumConverter.convert(LenientObjectToEnumConverterFactory.java:80)
	at org.springframework.boot.convert.LenientObjectToEnumConverterFactory$LenientToEnumConverter.convert(LenientObjectToEnumConverterFactory.java:61)
	at org.springframework.core.convert.support.GenericConversionService$ConverterFactoryAdapter.convert(GenericConversionService.java:436)
	at org.springframework.core.convert.support.ConversionUtils.invokeConverter(ConversionUtils.java:41)
	... 42 common frames omitted
*[ERROR]-- Application run failed--
org.springframework.boot.context.properties.bind.BindException: Failed to bind properties under 'logging.level.com.kgisl.task' to org.springframework.boot.logging.LogLevel
	at org.springframework.boot.context.properties.bind.Binder.handleBindError(Binder.java:364)
	at org.springframework.boot.context.properties.bind.Binder.bind(Binder.java:324)
	at org.springframework.boot.context.properties.bind.Binder.lambda$null$1(Binder.java:412)
	at org.springframework.boot.context.properties.bind.Binder$Context.withSource(Binder.java:543)
	at org.springframework.boot.context.properties.bind.Binder$Context.access$900(Binder.java:513)
	at org.springframework.boot.context.properties.bind.Binder.lambda$bindAggregate$2(Binder.java:413)
	at org.springframework.boot.context.properties.bind.AggregateElementBinder.bind(AggregateElementBinder.java:39)
	at org.springframework.boot.context.properties.bind.MapBinder$EntryBinder.lambda$bindEntries$0(MapBinder.java:157)
	at java.util.HashMap.computeIfAbsent(HashMap.java:1127)
	at org.springframework.boot.context.properties.bind.MapBinder$EntryBinder.bindEntries(MapBinder.java:157)
	at org.springframework.boot.context.properties.bind.MapBinder.bindAggregate(MapBinder.java:68)
	at org.springframework.boot.context.properties.bind.AggregateBinder.bind(AggregateBinder.java:56)
	at org.springframework.boot.context.properties.bind.Binder.lambda$bindAggregate$3(Binder.java:415)
	at org.springframework.boot.context.properties.bind.Binder$Context.withIncreasedDepth(Binder.java:572)
	at org.springframework.boot.context.properties.bind.Binder$Context.access$100(Binder.java:513)
	at org.springframework.boot.context.properties.bind.Binder.bindAggregate(Binder.java:415)
	at org.springframework.boot.context.properties.bind.Binder.bindObject(Binder.java:376)
	at org.springframework.boot.context.properties.bind.Binder.bind(Binder.java:320)
	at org.springframework.boot.context.properties.bind.Binder.bind(Binder.java:308)
	at org.springframework.boot.context.properties.bind.Binder.bind(Binder.java:238)
	at org.springframework.boot.context.properties.bind.Binder.bind(Binder.java:212)
	at org.springframework.boot.context.logging.LoggingApplicationListener.setLogLevels(LoggingApplicationListener.java:398)
	at org.springframework.boot.context.logging.LoggingApplicationListener.initializeFinalLoggingLevels(LoggingApplicationListener.java:338)
	at org.springframework.boot.context.logging.LoggingApplicationListener.initialize(LoggingApplicationListener.java:289)
	at org.springframework.boot.context.logging.LoggingApplicationListener.onApplicationEnvironmentPreparedEvent(LoggingApplicationListener.java:246)
	at org.springframework.boot.context.logging.LoggingApplicationListener.onApplicationEvent(LoggingApplicationListener.java:223)
	at org.springframework.context.event.SimpleApplicationEventMulticaster.doInvokeListener(SimpleApplicationEventMulticaster.java:172)
	at org.springframework.context.event.SimpleApplicationEventMulticaster.invokeListener(SimpleApplicationEventMulticaster.java:165)
	at org.springframework.context.event.SimpleApplicationEventMulticaster.multicastEvent(SimpleApplicationEventMulticaster.java:139)
	at org.springframework.context.event.SimpleApplicationEventMulticaster.multicastEvent(SimpleApplicationEventMulticaster.java:127)
	at org.springframework.boot.context.event.EventPublishingRunListener.environmentPrepared(EventPublishingRunListener.java:76)
	at org.springframework.boot.SpringApplicationRunListeners.environmentPrepared(SpringApplicationRunListeners.java:53)
	at org.springframework.boot.SpringApplication.prepareEnvironment(SpringApplication.java:345)
	at org.springframework.boot.SpringApplication.run(SpringApplication.java:308)
	at org.springframework.boot.SpringApplication.run(SpringApplication.java:1226)
	at org.springframework.boot.SpringApplication.run(SpringApplication.java:1215)
	at com.kgisl.task.TaskApplication.main(TaskApplication.java:10)
Caused by: org.springframework.core.convert.ConversionFailedException: Failed to convert from type [java.lang.String] to type [org.springframework.boot.logging.LogLevel] for value 'ALL'; nested exception is java.lang.IllegalArgumentException: No enum constant org.springframework.boot.logging.LogLevel.ALL
	at org.springframework.core.convert.support.ConversionUtils.invokeConverter(ConversionUtils.java:47)
	at org.springframework.core.convert.support.GenericConversionService.convert(GenericConversionService.java:191)
	at org.springframework.boot.context.properties.bind.BindConverter$CompositeConversionService.convert(BindConverter.java:170)
	at org.springframework.boot.context.properties.bind.BindConverter.convert(BindConverter.java:96)
	at org.springframework.boot.context.properties.bind.BindConverter.convert(BindConverter.java:88)
	at org.springframework.boot.context.properties.bind.Binder.bindProperty(Binder.java:435)
	at org.springframework.boot.context.properties.bind.Binder.bindObject(Binder.java:380)
	at org.springframework.boot.context.properties.bind.Binder.bind(Binder.java:320)
	... 35 common frames omitted
Caused by: java.lang.IllegalArgumentException: No enum constant org.springframework.boot.logging.LogLevel.ALL
	at org.springframework.boot.convert.LenientObjectToEnumConverterFactory$LenientToEnumConverter.findEnum(LenientObjectToEnumConverterFactory.java:93)
	at org.springframework.boot.convert.LenientObjectToEnumConverterFactory$LenientToEnumConverter.convert(LenientObjectToEnumConverterFactory.java:80)
	at org.springframework.boot.convert.LenientObjectToEnumConverterFactory$LenientToEnumConverter.convert(LenientObjectToEnumConverterFactory.java:61)
	at org.springframework.core.convert.support.GenericConversionService$ConverterFactoryAdapter.convert(GenericConversionService.java:436)
	at org.springframework.core.convert.support.ConversionUtils.invokeConverter(ConversionUtils.java:41)
	... 42 common frames omitted
*[ERROR]-- Application run failed--
org.springframework.boot.context.properties.bind.BindException: Failed to bind properties under 'logging.level.com.kgisl.task' to org.springframework.boot.logging.LogLevel
	at org.springframework.boot.context.properties.bind.Binder.handleBindError(Binder.java:364)
	at org.springframework.boot.context.properties.bind.Binder.bind(Binder.java:324)
	at org.springframework.boot.context.properties.bind.Binder.lambda$null$1(Binder.java:412)
	at org.springframework.boot.context.properties.bind.Binder$Context.withSource(Binder.java:543)
	at org.springframework.boot.context.properties.bind.Binder$Context.access$900(Binder.java:513)
	at org.springframework.boot.context.properties.bind.Binder.lambda$bindAggregate$2(Binder.java:413)
	at org.springframework.boot.context.properties.bind.AggregateElementBinder.bind(AggregateElementBinder.java:39)
	at org.springframework.boot.context.properties.bind.MapBinder$EntryBinder.lambda$bindEntries$0(MapBinder.java:157)
	at java.util.HashMap.computeIfAbsent(HashMap.java:1127)
	at org.springframework.boot.context.properties.bind.MapBinder$EntryBinder.bindEntries(MapBinder.java:157)
	at org.springframework.boot.context.properties.bind.MapBinder.bindAggregate(MapBinder.java:68)
	at org.springframework.boot.context.properties.bind.AggregateBinder.bind(AggregateBinder.java:56)
	at org.springframework.boot.context.properties.bind.Binder.lambda$bindAggregate$3(Binder.java:415)
	at org.springframework.boot.context.properties.bind.Binder$Context.withIncreasedDepth(Binder.java:572)
	at org.springframework.boot.context.properties.bind.Binder$Context.access$100(Binder.java:513)
	at org.springframework.boot.context.properties.bind.Binder.bindAggregate(Binder.java:415)
	at org.springframework.boot.context.properties.bind.Binder.bindObject(Binder.java:376)
	at org.springframework.boot.context.properties.bind.Binder.bind(Binder.java:320)
	at org.springframework.boot.context.properties.bind.Binder.bind(Binder.java:308)
	at org.springframework.boot.context.properties.bind.Binder.bind(Binder.java:238)
	at org.springframework.boot.context.properties.bind.Binder.bind(Binder.java:212)
	at org.springframework.boot.context.logging.LoggingApplicationListener.setLogLevels(LoggingApplicationListener.java:398)
	at org.springframework.boot.context.logging.LoggingApplicationListener.initializeFinalLoggingLevels(LoggingApplicationListener.java:338)
	at org.springframework.boot.context.logging.LoggingApplicationListener.initialize(LoggingApplicationListener.java:289)
	at org.springframework.boot.context.logging.LoggingApplicationListener.onApplicationEnvironmentPreparedEvent(LoggingApplicationListener.java:246)
	at org.springframework.boot.context.logging.LoggingApplicationListener.onApplicationEvent(LoggingApplicationListener.java:223)
	at org.springframework.context.event.SimpleApplicationEventMulticaster.doInvokeListener(SimpleApplicationEventMulticaster.java:172)
	at org.springframework.context.event.SimpleApplicationEventMulticaster.invokeListener(SimpleApplicationEventMulticaster.java:165)
	at org.springframework.context.event.SimpleApplicationEventMulticaster.multicastEvent(SimpleApplicationEventMulticaster.java:139)
	at org.springframework.context.event.SimpleApplicationEventMulticaster.multicastEvent(SimpleApplicationEventMulticaster.java:127)
	at org.springframework.boot.context.event.EventPublishingRunListener.environmentPrepared(EventPublishingRunListener.java:76)
	at org.springframework.boot.SpringApplicationRunListeners.environmentPrepared(SpringApplicationRunListeners.java:53)
	at org.springframework.boot.SpringApplication.prepareEnvironment(SpringApplication.java:345)
	at org.springframework.boot.SpringApplication.run(SpringApplication.java:308)
	at org.springframework.boot.SpringApplication.run(SpringApplication.java:1226)
	at org.springframework.boot.SpringApplication.run(SpringApplication.java:1215)
	at com.kgisl.task.TaskApplication.main(TaskApplication.java:10)
Caused by: org.springframework.core.convert.ConversionFailedException: Failed to convert from type [java.lang.String] to type [org.springframework.boot.logging.LogLevel] for value 'ALL'; nested exception is java.lang.IllegalArgumentException: No enum constant org.springframework.boot.logging.LogLevel.ALL
	at org.springframework.core.convert.support.ConversionUtils.invokeConverter(ConversionUtils.java:47)
	at org.springframework.core.convert.support.GenericConversionService.convert(GenericConversionService.java:191)
	at org.springframework.boot.context.properties.bind.BindConverter$CompositeConversionService.convert(BindConverter.java:170)
	at org.springframework.boot.context.properties.bind.BindConverter.convert(BindConverter.java:96)
	at org.springframework.boot.context.properties.bind.BindConverter.convert(BindConverter.java:88)
	at org.springframework.boot.context.properties.bind.Binder.bindProperty(Binder.java:435)
	at org.springframework.boot.context.properties.bind.Binder.bindObject(Binder.java:380)
	at org.springframework.boot.context.properties.bind.Binder.bind(Binder.java:320)
	... 35 common frames omitted
Caused by: java.lang.IllegalArgumentException: No enum constant org.springframework.boot.logging.LogLevel.ALL
	at org.springframework.boot.convert.LenientObjectToEnumConverterFactory$LenientToEnumConverter.findEnum(LenientObjectToEnumConverterFactory.java:93)
	at org.springframework.boot.convert.LenientObjectToEnumConverterFactory$LenientToEnumConverter.convert(LenientObjectToEnumConverterFactory.java:80)
	at org.springframework.boot.convert.LenientObjectToEnumConverterFactory$LenientToEnumConverter.convert(LenientObjectToEnumConverterFactory.java:61)
	at org.springframework.core.convert.support.GenericConversionService$ConverterFactoryAdapter.convert(GenericConversionService.java:436)
	at org.springframework.core.convert.support.ConversionUtils.invokeConverter(ConversionUtils.java:41)
	... 42 common frames omitted
*[ERROR]-- Application run failed--
org.springframework.boot.context.properties.bind.BindException: Failed to bind properties under 'logging.level.com.kgisl.task' to org.springframework.boot.logging.LogLevel
	at org.springframework.boot.context.properties.bind.Binder.handleBindError(Binder.java:364)
	at org.springframework.boot.context.properties.bind.Binder.bind(Binder.java:324)
	at org.springframework.boot.context.properties.bind.Binder.lambda$null$1(Binder.java:412)
	at org.springframework.boot.context.properties.bind.Binder$Context.withSource(Binder.java:543)
	at org.springframework.boot.context.properties.bind.Binder$Context.access$900(Binder.java:513)
	at org.springframework.boot.context.properties.bind.Binder.lambda$bindAggregate$2(Binder.java:413)
	at org.springframework.boot.context.properties.bind.AggregateElementBinder.bind(AggregateElementBinder.java:39)
	at org.springframework.boot.context.properties.bind.MapBinder$EntryBinder.lambda$bindEntries$0(MapBinder.java:157)
	at java.util.HashMap.computeIfAbsent(HashMap.java:1127)
	at org.springframework.boot.context.properties.bind.MapBinder$EntryBinder.bindEntries(MapBinder.java:157)
	at org.springframework.boot.context.properties.bind.MapBinder.bindAggregate(MapBinder.java:68)
	at org.springframework.boot.context.properties.bind.AggregateBinder.bind(AggregateBinder.java:56)
	at org.springframework.boot.context.properties.bind.Binder.lambda$bindAggregate$3(Binder.java:415)
	at org.springframework.boot.context.properties.bind.Binder$Context.withIncreasedDepth(Binder.java:572)
	at org.springframework.boot.context.properties.bind.Binder$Context.access$100(Binder.java:513)
	at org.springframework.boot.context.properties.bind.Binder.bindAggregate(Binder.java:415)
	at org.springframework.boot.context.properties.bind.Binder.bindObject(Binder.java:376)
	at org.springframework.boot.context.properties.bind.Binder.bind(Binder.java:320)
	at org.springframework.boot.context.properties.bind.Binder.bind(Binder.java:308)
	at org.springframework.boot.context.properties.bind.Binder.bind(Binder.java:238)
	at org.springframework.boot.context.properties.bind.Binder.bind(Binder.java:212)
	at org.springframework.boot.context.logging.LoggingApplicationListener.setLogLevels(LoggingApplicationListener.java:398)
	at org.springframework.boot.context.logging.LoggingApplicationListener.initializeFinalLoggingLevels(LoggingApplicationListener.java:338)
	at org.springframework.boot.context.logging.LoggingApplicationListener.initialize(LoggingApplicationListener.java:289)
	at org.springframework.boot.context.logging.LoggingApplicationListener.onApplicationEnvironmentPreparedEvent(LoggingApplicationListener.java:246)
	at org.springframework.boot.context.logging.LoggingApplicationListener.onApplicationEvent(LoggingApplicationListener.java:223)
	at org.springframework.context.event.SimpleApplicationEventMulticaster.doInvokeListener(SimpleApplicationEventMulticaster.java:172)
	at org.springframework.context.event.SimpleApplicationEventMulticaster.invokeListener(SimpleApplicationEventMulticaster.java:165)
	at org.springframework.context.event.SimpleApplicationEventMulticaster.multicastEvent(SimpleApplicationEventMulticaster.java:139)
	at org.springframework.context.event.SimpleApplicationEventMulticaster.multicastEvent(SimpleApplicationEventMulticaster.java:127)
	at org.springframework.boot.context.event.EventPublishingRunListener.environmentPrepared(EventPublishingRunListener.java:76)
	at org.springframework.boot.SpringApplicationRunListeners.environmentPrepared(SpringApplicationRunListeners.java:53)
	at org.springframework.boot.SpringApplication.prepareEnvironment(SpringApplication.java:345)
	at org.springframework.boot.SpringApplication.run(SpringApplication.java:308)
	at org.springframework.boot.SpringApplication.run(SpringApplication.java:1226)
	at org.springframework.boot.SpringApplication.run(SpringApplication.java:1215)
	at com.kgisl.task.TaskApplication.main(TaskApplication.java:10)
Caused by: org.springframework.core.convert.ConversionFailedException: Failed to convert from type [java.lang.String] to type [org.springframework.boot.logging.LogLevel] for value 'ALL'; nested exception is java.lang.IllegalArgumentException: No enum constant org.springframework.boot.logging.LogLevel.ALL
	at org.springframework.core.convert.support.ConversionUtils.invokeConverter(ConversionUtils.java:47)
	at org.springframework.core.convert.support.GenericConversionService.convert(GenericConversionService.java:191)
	at org.springframework.boot.context.properties.bind.BindConverter$CompositeConversionService.convert(BindConverter.java:170)
	at org.springframework.boot.context.properties.bind.BindConverter.convert(BindConverter.java:96)
	at org.springframework.boot.context.properties.bind.BindConverter.convert(BindConverter.java:88)
	at org.springframework.boot.context.properties.bind.Binder.bindProperty(Binder.java:435)
	at org.springframework.boot.context.properties.bind.Binder.bindObject(Binder.java:380)
	at org.springframework.boot.context.properties.bind.Binder.bind(Binder.java:320)
	... 35 common frames omitted
Caused by: java.lang.IllegalArgumentException: No enum constant org.springframework.boot.logging.LogLevel.ALL
	at org.springframework.boot.convert.LenientObjectToEnumConverterFactory$LenientToEnumConverter.findEnum(LenientObjectToEnumConverterFactory.java:93)
	at org.springframework.boot.convert.LenientObjectToEnumConverterFactory$LenientToEnumConverter.convert(LenientObjectToEnumConverterFactory.java:80)
	at org.springframework.boot.convert.LenientObjectToEnumConverterFactory$LenientToEnumConverter.convert(LenientObjectToEnumConverterFactory.java:61)
	at org.springframework.core.convert.support.GenericConversionService$ConverterFactoryAdapter.convert(GenericConversionService.java:436)
	at org.springframework.core.convert.support.ConversionUtils.invokeConverter(ConversionUtils.java:41)
	... 42 common frames omitted
